{"/home/abarcar/Workspace/TonarisBackend/src/app.js": {"path":"/home/abarcar/Workspace/TonarisBackend/src/app.js","statementMap":{"0":{"start":{"line":1,"column":15},"end":{"line":1,"column":32}},"1":{"start":{"line":2,"column":0},"end":{"line":2,"column":16}},"2":{"start":{"line":4,"column":15},"end":{"line":4,"column":38}},"3":{"start":{"line":5,"column":0},"end":{"line":7,"column":1}},"4":{"start":{"line":6,"column":2},"end":{"line":6,"column":55}},"5":{"start":{"line":9,"column":16},"end":{"line":9,"column":34}},"6":{"start":{"line":10,"column":15},"end":{"line":10,"column":32}},"7":{"start":{"line":11,"column":15},"end":{"line":11,"column":38}},"8":{"start":{"line":12,"column":13},"end":{"line":12,"column":41}},"9":{"start":{"line":13,"column":21},"end":{"line":13,"column":57}},"10":{"start":{"line":14,"column":26},"end":{"line":14,"column":68}},"11":{"start":{"line":15,"column":13},"end":{"line":15,"column":33}},"12":{"start":{"line":17,"column":12},"end":{"line":17,"column":21}},"13":{"start":{"line":20,"column":0},"end":{"line":20,"column":14}},"14":{"start":{"line":21,"column":0},"end":{"line":21,"column":18}},"15":{"start":{"line":22,"column":0},"end":{"line":22,"column":24}},"16":{"start":{"line":25,"column":20},"end":{"line":25,"column":45}},"17":{"start":{"line":26,"column":23},"end":{"line":26,"column":51}},"18":{"start":{"line":27,"column":23},"end":{"line":27,"column":51}},"19":{"start":{"line":28,"column":24},"end":{"line":28,"column":53}},"20":{"start":{"line":30,"column":0},"end":{"line":30,"column":35}},"21":{"start":{"line":31,"column":0},"end":{"line":31,"column":41}},"22":{"start":{"line":32,"column":0},"end":{"line":32,"column":41}},"23":{"start":{"line":33,"column":0},"end":{"line":33,"column":43}},"24":{"start":{"line":36,"column":0},"end":{"line":38,"column":3}},"25":{"start":{"line":37,"column":2},"end":{"line":37,"column":53}},"26":{"start":{"line":41,"column":0},"end":{"line":43,"column":1}},"27":{"start":{"line":42,"column":2},"end":{"line":42,"column":39}},"28":{"start":{"line":44,"column":0},"end":{"line":44,"column":22}},"29":{"start":{"line":46,"column":13},"end":{"line":46,"column":37}},"30":{"start":{"line":49,"column":0},"end":{"line":61,"column":1}},"31":{"start":{"line":50,"column":2},"end":{"line":56,"column":5}},"32":{"start":{"line":51,"column":4},"end":{"line":51,"column":66}},"33":{"start":{"line":52,"column":4},"end":{"line":55,"column":7}},"34":{"start":{"line":53,"column":6},"end":{"line":53,"column":48}},"35":{"start":{"line":54,"column":6},"end":{"line":54,"column":22}},"36":{"start":{"line":58,"column":2},"end":{"line":60,"column":5}},"37":{"start":{"line":59,"column":4},"end":{"line":59,"column":51}},"38":{"start":{"line":64,"column":2},"end":{"line":76,"column":4}},"39":{"start":{"line":65,"column":4},"end":{"line":65,"column":73}},"40":{"start":{"line":66,"column":4},"end":{"line":75,"column":5}},"41":{"start":{"line":67,"column":6},"end":{"line":72,"column":9}},"42":{"start":{"line":68,"column":8},"end":{"line":71,"column":11}},"43":{"start":{"line":69,"column":10},"end":{"line":69,"column":64}},"44":{"start":{"line":70,"column":10},"end":{"line":70,"column":26}},"45":{"start":{"line":74,"column":6},"end":{"line":74,"column":38}},"46":{"start":{"line":74,"column":21},"end":{"line":74,"column":36}},"47":{"start":{"line":79,"column":0},"end":{"line":79,"column":43}},"48":{"start":{"line":80,"column":0},"end":{"line":80,"column":41}},"49":{"start":{"line":82,"column":0},"end":{"line":82,"column":21}}},"fnMap":{"0":{"name":"(anonymous_0)","decl":{"start":{"line":36,"column":19},"end":{"line":36,"column":20}},"loc":{"start":{"line":36,"column":33},"end":{"line":38,"column":1}},"line":36},"1":{"name":"(anonymous_1)","decl":{"start":{"line":50,"column":39},"end":{"line":50,"column":40}},"loc":{"start":{"line":50,"column":51},"end":{"line":56,"column":3}},"line":50},"2":{"name":"(anonymous_2)","decl":{"start":{"line":52,"column":32},"end":{"line":52,"column":33}},"loc":{"start":{"line":52,"column":39},"end":{"line":55,"column":5}},"line":52},"3":{"name":"(anonymous_3)","decl":{"start":{"line":58,"column":21},"end":{"line":58,"column":22}},"loc":{"start":{"line":58,"column":30},"end":{"line":60,"column":3}},"line":58},"4":{"name":"shutdown","decl":{"start":{"line":63,"column":9},"end":{"line":63,"column":17}},"loc":{"start":{"line":63,"column":26},"end":{"line":77,"column":1}},"line":63},"5":{"name":"(anonymous_5)","decl":{"start":{"line":64,"column":9},"end":{"line":64,"column":10}},"loc":{"start":{"line":64,"column":15},"end":{"line":76,"column":3}},"line":64},"6":{"name":"(anonymous_6)","decl":{"start":{"line":67,"column":19},"end":{"line":67,"column":20}},"loc":{"start":{"line":67,"column":25},"end":{"line":72,"column":7}},"line":67},"7":{"name":"(anonymous_7)","decl":{"start":{"line":68,"column":17},"end":{"line":68,"column":18}},"loc":{"start":{"line":68,"column":23},"end":{"line":71,"column":9}},"line":68},"8":{"name":"(anonymous_8)","decl":{"start":{"line":74,"column":15},"end":{"line":74,"column":16}},"loc":{"start":{"line":74,"column":21},"end":{"line":74,"column":36}},"line":74}},"branchMap":{"0":{"loc":{"start":{"line":5,"column":0},"end":{"line":7,"column":1}},"type":"if","locations":[{"start":{"line":5,"column":0},"end":{"line":7,"column":1}},{"start":{},"end":{}}],"line":5},"1":{"loc":{"start":{"line":41,"column":0},"end":{"line":43,"column":1}},"type":"if","locations":[{"start":{"line":41,"column":0},"end":{"line":43,"column":1}},{"start":{},"end":{}}],"line":41},"2":{"loc":{"start":{"line":46,"column":13},"end":{"line":46,"column":37}},"type":"binary-expr","locations":[{"start":{"line":46,"column":13},"end":{"line":46,"column":29}},{"start":{"line":46,"column":33},"end":{"line":46,"column":37}}],"line":46},"3":{"loc":{"start":{"line":49,"column":0},"end":{"line":61,"column":1}},"type":"if","locations":[{"start":{"line":49,"column":0},"end":{"line":61,"column":1}},{"start":{},"end":{}}],"line":49},"4":{"loc":{"start":{"line":66,"column":4},"end":{"line":75,"column":5}},"type":"if","locations":[{"start":{"line":66,"column":4},"end":{"line":75,"column":5}},{"start":{"line":73,"column":11},"end":{"line":75,"column":5}}],"line":66}},"s":{"0":4,"1":4,"2":4,"3":4,"4":0,"5":4,"6":4,"7":4,"8":4,"9":4,"10":4,"11":4,"12":4,"13":4,"14":4,"15":4,"16":4,"17":4,"18":4,"19":4,"20":4,"21":4,"22":4,"23":4,"24":4,"25":1,"26":4,"27":0,"28":4,"29":4,"30":4,"31":0,"32":0,"33":0,"34":0,"35":0,"36":0,"37":0,"38":8,"39":0,"40":0,"41":0,"42":0,"43":0,"44":0,"45":0,"46":0,"47":4,"48":4,"49":4},"f":{"0":1,"1":0,"2":0,"3":0,"4":8,"5":0,"6":0,"7":0,"8":0},"b":{"0":[0,4],"1":[0,4],"2":[4,0],"3":[0,4],"4":[0,0]},"_coverageSchema":"1a1c01bbd47fc00a2c39e90264f33305004495a9","hash":"3b7c0625998c8cea3c86f12bd150050eaa6a98a0"}
,"/home/abarcar/Workspace/TonarisBackend/src/controllers/analytics.js": {"path":"/home/abarcar/Workspace/TonarisBackend/src/controllers/analytics.js","statementMap":{"0":{"start":{"line":1,"column":13},"end":{"line":1,"column":34}},"1":{"start":{"line":2,"column":15},"end":{"line":2,"column":39}},"2":{"start":{"line":6,"column":2},"end":{"line":6,"column":31}},"3":{"start":{"line":10,"column":2},"end":{"line":10,"column":41}},"4":{"start":{"line":15,"column":2},"end":{"line":59,"column":3}},"5":{"start":{"line":16,"column":23},"end":{"line":16,"column":33}},"6":{"start":{"line":18,"column":25},"end":{"line":23,"column":5}},"7":{"start":{"line":24,"column":26},"end":{"line":24,"column":66}},"8":{"start":{"line":26,"column":22},"end":{"line":30,"column":5}},"9":{"start":{"line":31,"column":23},"end":{"line":31,"column":60}},"10":{"start":{"line":33,"column":17},"end":{"line":33,"column":78}},"11":{"start":{"line":35,"column":17},"end":{"line":35,"column":51}},"12":{"start":{"line":35,"column":45},"end":{"line":35,"column":50}},"13":{"start":{"line":37,"column":16},"end":{"line":37,"column":26}},"14":{"start":{"line":38,"column":16},"end":{"line":38,"column":49}},"15":{"start":{"line":38,"column":23},"end":{"line":38,"column":49}},"16":{"start":{"line":39,"column":18},"end":{"line":39,"column":89}},"17":{"start":{"line":41,"column":26},"end":{"line":41,"column":31}},"18":{"start":{"line":42,"column":4},"end":{"line":48,"column":5}},"19":{"start":{"line":43,"column":17},"end":{"line":43,"column":51}},"20":{"start":{"line":44,"column":24},"end":{"line":44,"column":92}},"21":{"start":{"line":45,"column":6},"end":{"line":47,"column":7}},"22":{"start":{"line":46,"column":8},"end":{"line":46,"column":31}},"23":{"start":{"line":50,"column":4},"end":{"line":55,"column":7}},"24":{"start":{"line":57,"column":4},"end":{"line":57,"column":39}},"25":{"start":{"line":58,"column":4},"end":{"line":58,"column":55}},"26":{"start":{"line":63,"column":2},"end":{"line":83,"column":3}},"27":{"start":{"line":64,"column":23},"end":{"line":64,"column":33}},"28":{"start":{"line":65,"column":18},"end":{"line":78,"column":5}},"29":{"start":{"line":79,"column":19},"end":{"line":79,"column":52}},"30":{"start":{"line":80,"column":4},"end":{"line":80,"column":55}},"31":{"start":{"line":82,"column":4},"end":{"line":82,"column":55}},"32":{"start":{"line":87,"column":2},"end":{"line":104,"column":3}},"33":{"start":{"line":88,"column":23},"end":{"line":88,"column":33}},"34":{"start":{"line":89,"column":18},"end":{"line":99,"column":5}},"35":{"start":{"line":100,"column":19},"end":{"line":100,"column":52}},"36":{"start":{"line":101,"column":4},"end":{"line":101,"column":55}},"37":{"start":{"line":103,"column":4},"end":{"line":103,"column":55}},"38":{"start":{"line":108,"column":2},"end":{"line":132,"column":3}},"39":{"start":{"line":109,"column":23},"end":{"line":109,"column":33}},"40":{"start":{"line":110,"column":18},"end":{"line":117,"column":5}},"41":{"start":{"line":118,"column":19},"end":{"line":118,"column":52}},"42":{"start":{"line":120,"column":23},"end":{"line":123,"column":5}},"43":{"start":{"line":125,"column":4},"end":{"line":128,"column":7}},"44":{"start":{"line":130,"column":4},"end":{"line":130,"column":40}},"45":{"start":{"line":131,"column":4},"end":{"line":131,"column":55}},"46":{"start":{"line":136,"column":2},"end":{"line":155,"column":3}},"47":{"start":{"line":137,"column":18},"end":{"line":150,"column":5}},"48":{"start":{"line":151,"column":19},"end":{"line":151,"column":42}},"49":{"start":{"line":152,"column":4},"end":{"line":152,"column":55}},"50":{"start":{"line":154,"column":4},"end":{"line":154,"column":55}},"51":{"start":{"line":159,"column":2},"end":{"line":201,"column":3}},"52":{"start":{"line":160,"column":32},"end":{"line":160,"column":42}},"53":{"start":{"line":162,"column":18},"end":{"line":181,"column":5}},"54":{"start":{"line":183,"column":19},"end":{"line":183,"column":61}},"55":{"start":{"line":185,"column":17},"end":{"line":185,"column":68}},"56":{"start":{"line":185,"column":39},"end":{"line":185,"column":61}},"57":{"start":{"line":186,"column":17},"end":{"line":186,"column":68}},"58":{"start":{"line":186,"column":39},"end":{"line":186,"column":61}},"59":{"start":{"line":188,"column":4},"end":{"line":197,"column":7}},"60":{"start":{"line":199,"column":4},"end":{"line":199,"column":38}},"61":{"start":{"line":200,"column":4},"end":{"line":200,"column":55}},"62":{"start":{"line":205,"column":2},"end":{"line":215,"column":3}},"63":{"start":{"line":206,"column":23},"end":{"line":206,"column":33}},"64":{"start":{"line":207,"column":19},"end":{"line":210,"column":5}},"65":{"start":{"line":211,"column":4},"end":{"line":211,"column":55}},"66":{"start":{"line":213,"column":4},"end":{"line":213,"column":40}},"67":{"start":{"line":214,"column":4},"end":{"line":214,"column":55}},"68":{"start":{"line":219,"column":2},"end":{"line":244,"column":3}},"69":{"start":{"line":220,"column":23},"end":{"line":220,"column":33}},"70":{"start":{"line":221,"column":26},"end":{"line":221,"column":34}},"71":{"start":{"line":223,"column":4},"end":{"line":225,"column":5}},"72":{"start":{"line":224,"column":6},"end":{"line":224,"column":87}},"73":{"start":{"line":227,"column":4},"end":{"line":229,"column":5}},"74":{"start":{"line":228,"column":6},"end":{"line":228,"column":93}},"75":{"start":{"line":231,"column":19},"end":{"line":234,"column":5}},"76":{"start":{"line":236,"column":4},"end":{"line":238,"column":5}},"77":{"start":{"line":237,"column":6},"end":{"line":237,"column":71}},"78":{"start":{"line":240,"column":4},"end":{"line":240,"column":64}},"79":{"start":{"line":242,"column":4},"end":{"line":242,"column":45}},"80":{"start":{"line":243,"column":4},"end":{"line":243,"column":55}},"81":{"start":{"line":247,"column":0},"end":{"line":256,"column":2}}},"fnMap":{"0":{"name":"successResponse","decl":{"start":{"line":5,"column":9},"end":{"line":5,"column":24}},"loc":{"start":{"line":5,"column":31},"end":{"line":7,"column":1}},"line":5},"1":{"name":"errorResponse","decl":{"start":{"line":9,"column":9},"end":{"line":9,"column":22}},"loc":{"start":{"line":9,"column":32},"end":{"line":11,"column":1}},"line":9},"2":{"name":"getStreak","decl":{"start":{"line":14,"column":15},"end":{"line":14,"column":24}},"loc":{"start":{"line":14,"column":35},"end":{"line":60,"column":1}},"line":14},"3":{"name":"(anonymous_3)","decl":{"start":{"line":35,"column":40},"end":{"line":35,"column":41}},"loc":{"start":{"line":35,"column":45},"end":{"line":35,"column":50}},"line":35},"4":{"name":"(anonymous_4)","decl":{"start":{"line":38,"column":16},"end":{"line":38,"column":17}},"loc":{"start":{"line":38,"column":23},"end":{"line":38,"column":49}},"line":38},"5":{"name":"getHistory","decl":{"start":{"line":62,"column":15},"end":{"line":62,"column":25}},"loc":{"start":{"line":62,"column":36},"end":{"line":84,"column":1}},"line":62},"6":{"name":"getIntervals","decl":{"start":{"line":86,"column":15},"end":{"line":86,"column":27}},"loc":{"start":{"line":86,"column":38},"end":{"line":105,"column":1}},"line":86},"7":{"name":"getSummary","decl":{"start":{"line":107,"column":15},"end":{"line":107,"column":25}},"loc":{"start":{"line":107,"column":36},"end":{"line":133,"column":1}},"line":107},"8":{"name":"getLeaderboard","decl":{"start":{"line":135,"column":15},"end":{"line":135,"column":29}},"loc":{"start":{"line":135,"column":40},"end":{"line":156,"column":1}},"line":135},"9":{"name":"getTrend","decl":{"start":{"line":158,"column":15},"end":{"line":158,"column":23}},"loc":{"start":{"line":158,"column":34},"end":{"line":202,"column":1}},"line":158},"10":{"name":"(anonymous_10)","decl":{"start":{"line":185,"column":34},"end":{"line":185,"column":35}},"loc":{"start":{"line":185,"column":39},"end":{"line":185,"column":61}},"line":185},"11":{"name":"(anonymous_11)","decl":{"start":{"line":186,"column":34},"end":{"line":186,"column":35}},"loc":{"start":{"line":186,"column":39},"end":{"line":186,"column":61}},"line":186},"12":{"name":"getMastery","decl":{"start":{"line":204,"column":15},"end":{"line":204,"column":25}},"loc":{"start":{"line":204,"column":36},"end":{"line":216,"column":1}},"line":204},"13":{"name":"updateDailyGoal","decl":{"start":{"line":218,"column":15},"end":{"line":218,"column":30}},"loc":{"start":{"line":218,"column":41},"end":{"line":245,"column":1}},"line":218}},"branchMap":{"0":{"loc":{"start":{"line":33,"column":17},"end":{"line":33,"column":78}},"type":"binary-expr","locations":[{"start":{"line":33,"column":17},"end":{"line":33,"column":35}},{"start":{"line":33,"column":39},"end":{"line":33,"column":78}}],"line":33},"1":{"loc":{"start":{"line":42,"column":4},"end":{"line":48,"column":5}},"type":"if","locations":[{"start":{"line":42,"column":4},"end":{"line":48,"column":5}},{"start":{},"end":{}}],"line":42},"2":{"loc":{"start":{"line":42,"column":8},"end":{"line":42,"column":67}},"type":"binary-expr","locations":[{"start":{"line":42,"column":8},"end":{"line":42,"column":29}},{"start":{"line":42,"column":33},"end":{"line":42,"column":67}}],"line":42},"3":{"loc":{"start":{"line":45,"column":6},"end":{"line":47,"column":7}},"type":"if","locations":[{"start":{"line":45,"column":6},"end":{"line":47,"column":7}},{"start":{},"end":{}}],"line":45},"4":{"loc":{"start":{"line":53,"column":25},"end":{"line":53,"column":45}},"type":"binary-expr","locations":[{"start":{"line":53,"column":25},"end":{"line":53,"column":40}},{"start":{"line":53,"column":44},"end":{"line":53,"column":45}}],"line":53},"5":{"loc":{"start":{"line":127,"column":12},"end":{"line":127,"column":48}},"type":"binary-expr","locations":[{"start":{"line":127,"column":12},"end":{"line":127,"column":36}},{"start":{"line":127,"column":40},"end":{"line":127,"column":48}}],"line":127},"6":{"loc":{"start":{"line":185,"column":17},"end":{"line":185,"column":68}},"type":"binary-expr","locations":[{"start":{"line":185,"column":17},"end":{"line":185,"column":62}},{"start":{"line":185,"column":66},"end":{"line":185,"column":68}}],"line":185},"7":{"loc":{"start":{"line":186,"column":17},"end":{"line":186,"column":68}},"type":"binary-expr","locations":[{"start":{"line":186,"column":17},"end":{"line":186,"column":62}},{"start":{"line":186,"column":66},"end":{"line":186,"column":68}}],"line":186},"8":{"loc":{"start":{"line":192,"column":26},"end":{"line":192,"column":44}},"type":"binary-expr","locations":[{"start":{"line":192,"column":26},"end":{"line":192,"column":39}},{"start":{"line":192,"column":43},"end":{"line":192,"column":44}}],"line":192},"9":{"loc":{"start":{"line":193,"column":26},"end":{"line":193,"column":44}},"type":"binary-expr","locations":[{"start":{"line":193,"column":26},"end":{"line":193,"column":39}},{"start":{"line":193,"column":43},"end":{"line":193,"column":44}}],"line":193},"10":{"loc":{"start":{"line":194,"column":24},"end":{"line":194,"column":40}},"type":"binary-expr","locations":[{"start":{"line":194,"column":24},"end":{"line":194,"column":35}},{"start":{"line":194,"column":39},"end":{"line":194,"column":40}}],"line":194},"11":{"loc":{"start":{"line":195,"column":24},"end":{"line":195,"column":40}},"type":"binary-expr","locations":[{"start":{"line":195,"column":24},"end":{"line":195,"column":35}},{"start":{"line":195,"column":39},"end":{"line":195,"column":40}}],"line":195},"12":{"loc":{"start":{"line":223,"column":4},"end":{"line":225,"column":5}},"type":"if","locations":[{"start":{"line":223,"column":4},"end":{"line":225,"column":5}},{"start":{},"end":{}}],"line":223},"13":{"loc":{"start":{"line":223,"column":8},"end":{"line":223,"column":80}},"type":"binary-expr","locations":[{"start":{"line":223,"column":8},"end":{"line":223,"column":31}},{"start":{"line":223,"column":35},"end":{"line":223,"column":63}},{"start":{"line":223,"column":67},"end":{"line":223,"column":80}}],"line":223},"14":{"loc":{"start":{"line":227,"column":4},"end":{"line":229,"column":5}},"type":"if","locations":[{"start":{"line":227,"column":4},"end":{"line":229,"column":5}},{"start":{},"end":{}}],"line":227},"15":{"loc":{"start":{"line":236,"column":4},"end":{"line":238,"column":5}},"type":"if","locations":[{"start":{"line":236,"column":4},"end":{"line":238,"column":5}},{"start":{},"end":{}}],"line":236}},"s":{"0":4,"1":4,"2":0,"3":0,"4":0,"5":0,"6":0,"7":0,"8":0,"9":0,"10":0,"11":0,"12":0,"13":0,"14":0,"15":0,"16":0,"17":0,"18":0,"19":0,"20":0,"21":0,"22":0,"23":0,"24":0,"25":0,"26":0,"27":0,"28":0,"29":0,"30":0,"31":0,"32":0,"33":0,"34":0,"35":0,"36":0,"37":0,"38":0,"39":0,"40":0,"41":0,"42":0,"43":0,"44":0,"45":0,"46":0,"47":0,"48":0,"49":0,"50":0,"51":0,"52":0,"53":0,"54":0,"55":0,"56":0,"57":0,"58":0,"59":0,"60":0,"61":0,"62":0,"63":0,"64":0,"65":0,"66":0,"67":0,"68":0,"69":0,"70":0,"71":0,"72":0,"73":0,"74":0,"75":0,"76":0,"77":0,"78":0,"79":0,"80":0,"81":4},"f":{"0":0,"1":0,"2":0,"3":0,"4":0,"5":0,"6":0,"7":0,"8":0,"9":0,"10":0,"11":0,"12":0,"13":0},"b":{"0":[0,0],"1":[0,0],"2":[0,0],"3":[0,0],"4":[0,0],"5":[0,0],"6":[0,0],"7":[0,0],"8":[0,0],"9":[0,0],"10":[0,0],"11":[0,0],"12":[0,0],"13":[0,0,0],"14":[0,0],"15":[0,0]},"_coverageSchema":"1a1c01bbd47fc00a2c39e90264f33305004495a9","hash":"6ff0b30b083a9fb7dd67d1e80c2e36b3a6a2197b"}
,"/home/abarcar/Workspace/TonarisBackend/src/controllers/progress.js": {"path":"/home/abarcar/Workspace/TonarisBackend/src/controllers/progress.js","statementMap":{"0":{"start":{"line":1,"column":13},"end":{"line":1,"column":34}},"1":{"start":{"line":2,"column":15},"end":{"line":2,"column":39}},"2":{"start":{"line":9,"column":21},"end":{"line":9,"column":31}},"3":{"start":{"line":11,"column":2},"end":{"line":43,"column":3}},"4":{"start":{"line":12,"column":19},"end":{"line":23,"column":5}},"5":{"start":{"line":25,"column":17},"end":{"line":25,"column":31}},"6":{"start":{"line":27,"column":4},"end":{"line":29,"column":5}},"7":{"start":{"line":28,"column":6},"end":{"line":28,"column":83}},"8":{"start":{"line":31,"column":4},"end":{"line":39,"column":7}},"9":{"start":{"line":41,"column":4},"end":{"line":41,"column":43}},"10":{"start":{"line":42,"column":4},"end":{"line":42,"column":66}},"11":{"start":{"line":46,"column":0},"end":{"line":46,"column":37}}},"fnMap":{"0":{"name":"getUserProgress","decl":{"start":{"line":8,"column":15},"end":{"line":8,"column":30}},"loc":{"start":{"line":8,"column":41},"end":{"line":44,"column":1}},"line":8}},"branchMap":{"0":{"loc":{"start":{"line":27,"column":4},"end":{"line":29,"column":5}},"type":"if","locations":[{"start":{"line":27,"column":4},"end":{"line":29,"column":5}},{"start":{},"end":{}}],"line":27},"1":{"loc":{"start":{"line":27,"column":8},"end":{"line":27,"column":59}},"type":"binary-expr","locations":[{"start":{"line":27,"column":8},"end":{"line":27,"column":28}},{"start":{"line":27,"column":32},"end":{"line":27,"column":59}}],"line":27}},"s":{"0":4,"1":4,"2":0,"3":0,"4":0,"5":0,"6":0,"7":0,"8":0,"9":0,"10":0,"11":4},"f":{"0":0},"b":{"0":[0,0],"1":[0,0]},"_coverageSchema":"1a1c01bbd47fc00a2c39e90264f33305004495a9","hash":"a5704aeac2a9ff3ed17ff01d635d2ce83989ab57"}
,"/home/abarcar/Workspace/TonarisBackend/src/controllers/sessions.js": {"path":"/home/abarcar/Workspace/TonarisBackend/src/controllers/sessions.js","statementMap":{"0":{"start":{"line":1,"column":13},"end":{"line":1,"column":34}},"1":{"start":{"line":2,"column":15},"end":{"line":2,"column":39}},"2":{"start":{"line":3,"column":37},"end":{"line":3,"column":60}},"3":{"start":{"line":10,"column":66},"end":{"line":10,"column":74}},"4":{"start":{"line":12,"column":2},"end":{"line":14,"column":3}},"5":{"start":{"line":13,"column":4},"end":{"line":13,"column":72}},"6":{"start":{"line":16,"column":2},"end":{"line":137,"column":3}},"7":{"start":{"line":17,"column":22},"end":{"line":17,"column":43}},"8":{"start":{"line":18,"column":21},"end":{"line":18,"column":56}},"9":{"start":{"line":20,"column":19},"end":{"line":24,"column":5}},"10":{"start":{"line":26,"column":4},"end":{"line":89,"column":5}},"11":{"start":{"line":27,"column":28},"end":{"line":27,"column":37}},"12":{"start":{"line":29,"column":6},"end":{"line":38,"column":7}},"13":{"start":{"line":29,"column":19},"end":{"line":29,"column":20}},"14":{"start":{"line":30,"column":54},"end":{"line":30,"column":64}},"15":{"start":{"line":31,"column":25},"end":{"line":31,"column":44}},"16":{"start":{"line":32,"column":8},"end":{"line":36,"column":10}},"17":{"start":{"line":37,"column":8},"end":{"line":37,"column":36}},"18":{"start":{"line":40,"column":6},"end":{"line":76,"column":7}},"19":{"start":{"line":41,"column":22},"end":{"line":50,"column":9}},"20":{"start":{"line":52,"column":65},"end":{"line":52,"column":78}},"21":{"start":{"line":55,"column":8},"end":{"line":63,"column":9}},"22":{"start":{"line":56,"column":10},"end":{"line":56,"column":31}},"23":{"start":{"line":57,"column":15},"end":{"line":63,"column":9}},"24":{"start":{"line":58,"column":10},"end":{"line":58,"column":29}},"25":{"start":{"line":59,"column":15},"end":{"line":63,"column":9}},"26":{"start":{"line":60,"column":10},"end":{"line":60,"column":31}},"27":{"start":{"line":62,"column":10},"end":{"line":62,"column":30}},"28":{"start":{"line":65,"column":8},"end":{"line":75,"column":10}},"29":{"start":{"line":79,"column":29},"end":{"line":83,"column":7}},"30":{"start":{"line":84,"column":22},"end":{"line":84,"column":74}},"31":{"start":{"line":85,"column":6},"end":{"line":88,"column":8}},"32":{"start":{"line":92,"column":24},"end":{"line":98,"column":5}},"33":{"start":{"line":100,"column":18},"end":{"line":100,"column":50}},"34":{"start":{"line":100,"column":44},"end":{"line":100,"column":49}},"35":{"start":{"line":101,"column":16},"end":{"line":101,"column":26}},"36":{"start":{"line":102,"column":16},"end":{"line":102,"column":49}},"37":{"start":{"line":102,"column":23},"end":{"line":102,"column":49}},"38":{"start":{"line":103,"column":18},"end":{"line":103,"column":89}},"39":{"start":{"line":105,"column":20},"end":{"line":108,"column":5}},"40":{"start":{"line":109,"column":25},"end":{"line":109,"column":72}},"41":{"start":{"line":111,"column":30},"end":{"line":111,"column":67}},"42":{"start":{"line":111,"column":48},"end":{"line":111,"column":59}},"43":{"start":{"line":112,"column":4},"end":{"line":131,"column":5}},"44":{"start":{"line":113,"column":23},"end":{"line":113,"column":24}},"45":{"start":{"line":114,"column":6},"end":{"line":122,"column":7}},"46":{"start":{"line":114,"column":19},"end":{"line":114,"column":20}},"47":{"start":{"line":115,"column":18},"end":{"line":115,"column":56}},"48":{"start":{"line":116,"column":24},"end":{"line":116,"column":89}},"49":{"start":{"line":117,"column":8},"end":{"line":121,"column":9}},"50":{"start":{"line":118,"column":10},"end":{"line":118,"column":23}},"51":{"start":{"line":120,"column":10},"end":{"line":120,"column":16}},"52":{"start":{"line":124,"column":6},"end":{"line":130,"column":7}},"53":{"start":{"line":125,"column":8},"end":{"line":128,"column":10}},"54":{"start":{"line":129,"column":8},"end":{"line":129,"column":89}},"55":{"start":{"line":133,"column":4},"end":{"line":133,"column":41}},"56":{"start":{"line":135,"column":4},"end":{"line":135,"column":41}},"57":{"start":{"line":136,"column":4},"end":{"line":136,"column":64}},"58":{"start":{"line":145,"column":21},"end":{"line":145,"column":31}},"59":{"start":{"line":147,"column":2},"end":{"line":157,"column":3}},"60":{"start":{"line":148,"column":19},"end":{"line":151,"column":5}},"61":{"start":{"line":153,"column":4},"end":{"line":153,"column":26}},"62":{"start":{"line":155,"column":4},"end":{"line":155,"column":45}},"63":{"start":{"line":156,"column":4},"end":{"line":156,"column":66}},"64":{"start":{"line":160,"column":0},"end":{"line":160,"column":54}}},"fnMap":{"0":{"name":"createSession","decl":{"start":{"line":9,"column":15},"end":{"line":9,"column":28}},"loc":{"start":{"line":9,"column":39},"end":{"line":138,"column":1}},"line":9},"1":{"name":"(anonymous_1)","decl":{"start":{"line":100,"column":39},"end":{"line":100,"column":40}},"loc":{"start":{"line":100,"column":44},"end":{"line":100,"column":49}},"line":100},"2":{"name":"(anonymous_2)","decl":{"start":{"line":102,"column":16},"end":{"line":102,"column":17}},"loc":{"start":{"line":102,"column":23},"end":{"line":102,"column":49}},"line":102},"3":{"name":"(anonymous_3)","decl":{"start":{"line":111,"column":43},"end":{"line":111,"column":44}},"loc":{"start":{"line":111,"column":48},"end":{"line":111,"column":59}},"line":111},"4":{"name":"getSessionsByUser","decl":{"start":{"line":144,"column":15},"end":{"line":144,"column":32}},"loc":{"start":{"line":144,"column":43},"end":{"line":158,"column":1}},"line":144}},"branchMap":{"0":{"loc":{"start":{"line":12,"column":2},"end":{"line":14,"column":3}},"type":"if","locations":[{"start":{"line":12,"column":2},"end":{"line":14,"column":3}},{"start":{},"end":{}}],"line":12},"1":{"loc":{"start":{"line":12,"column":6},"end":{"line":12,"column":74}},"type":"binary-expr","locations":[{"start":{"line":12,"column":6},"end":{"line":12,"column":13}},{"start":{"line":12,"column":17},"end":{"line":12,"column":26}},{"start":{"line":12,"column":30},"end":{"line":12,"column":51}},{"start":{"line":12,"column":55},"end":{"line":12,"column":61}},{"start":{"line":12,"column":65},"end":{"line":12,"column":74}}],"line":12},"2":{"loc":{"start":{"line":26,"column":4},"end":{"line":89,"column":5}},"type":"if","locations":[{"start":{"line":26,"column":4},"end":{"line":89,"column":5}},{"start":{},"end":{}}],"line":26},"3":{"loc":{"start":{"line":26,"column":8},"end":{"line":26,"column":37}},"type":"binary-expr","locations":[{"start":{"line":26,"column":8},"end":{"line":26,"column":15}},{"start":{"line":26,"column":19},"end":{"line":26,"column":37}}],"line":26},"4":{"loc":{"start":{"line":55,"column":8},"end":{"line":63,"column":9}},"type":"if","locations":[{"start":{"line":55,"column":8},"end":{"line":63,"column":9}},{"start":{"line":57,"column":15},"end":{"line":63,"column":9}}],"line":55},"5":{"loc":{"start":{"line":55,"column":12},"end":{"line":55,"column":45}},"type":"binary-expr","locations":[{"start":{"line":55,"column":12},"end":{"line":55,"column":23}},{"start":{"line":55,"column":27},"end":{"line":55,"column":45}}],"line":55},"6":{"loc":{"start":{"line":57,"column":15},"end":{"line":63,"column":9}},"type":"if","locations":[{"start":{"line":57,"column":15},"end":{"line":63,"column":9}},{"start":{"line":59,"column":15},"end":{"line":63,"column":9}}],"line":57},"7":{"loc":{"start":{"line":59,"column":15},"end":{"line":63,"column":9}},"type":"if","locations":[{"start":{"line":59,"column":15},"end":{"line":63,"column":9}},{"start":{"line":61,"column":15},"end":{"line":63,"column":9}}],"line":59},"8":{"loc":{"start":{"line":109,"column":32},"end":{"line":109,"column":71}},"type":"binary-expr","locations":[{"start":{"line":109,"column":32},"end":{"line":109,"column":66}},{"start":{"line":109,"column":70},"end":{"line":109,"column":71}}],"line":109},"9":{"loc":{"start":{"line":112,"column":4},"end":{"line":131,"column":5}},"type":"if","locations":[{"start":{"line":112,"column":4},"end":{"line":131,"column":5}},{"start":{},"end":{}}],"line":112},"10":{"loc":{"start":{"line":117,"column":8},"end":{"line":121,"column":9}},"type":"if","locations":[{"start":{"line":117,"column":8},"end":{"line":121,"column":9}},{"start":{"line":119,"column":15},"end":{"line":121,"column":9}}],"line":117},"11":{"loc":{"start":{"line":124,"column":6},"end":{"line":130,"column":7}},"type":"if","locations":[{"start":{"line":124,"column":6},"end":{"line":130,"column":7}},{"start":{},"end":{}}],"line":124},"12":{"loc":{"start":{"line":124,"column":10},"end":{"line":124,"column":68}},"type":"binary-expr","locations":[{"start":{"line":124,"column":10},"end":{"line":124,"column":24}},{"start":{"line":124,"column":28},"end":{"line":124,"column":48}},{"start":{"line":124,"column":52},"end":{"line":124,"column":68}}],"line":124}},"s":{"0":4,"1":4,"2":4,"3":0,"4":0,"5":0,"6":0,"7":0,"8":0,"9":0,"10":0,"11":0,"12":0,"13":0,"14":0,"15":0,"16":0,"17":0,"18":0,"19":0,"20":0,"21":0,"22":0,"23":0,"24":0,"25":0,"26":0,"27":0,"28":0,"29":0,"30":0,"31":0,"32":0,"33":0,"34":0,"35":0,"36":0,"37":0,"38":0,"39":0,"40":0,"41":0,"42":0,"43":0,"44":0,"45":0,"46":0,"47":0,"48":0,"49":0,"50":0,"51":0,"52":0,"53":0,"54":0,"55":0,"56":0,"57":0,"58":0,"59":0,"60":0,"61":0,"62":0,"63":0,"64":4},"f":{"0":0,"1":0,"2":0,"3":0,"4":0},"b":{"0":[0,0],"1":[0,0,0,0,0],"2":[0,0],"3":[0,0],"4":[0,0],"5":[0,0],"6":[0,0],"7":[0,0],"8":[0,0],"9":[0,0],"10":[0,0],"11":[0,0],"12":[0,0,0]},"_coverageSchema":"1a1c01bbd47fc00a2c39e90264f33305004495a9","hash":"fee3f67c9d0aa75e7595877f0ad3ae8198233c24"}
,"/home/abarcar/Workspace/TonarisBackend/src/controllers/users.js": {"path":"/home/abarcar/Workspace/TonarisBackend/src/controllers/users.js","statementMap":{"0":{"start":{"line":1,"column":13},"end":{"line":1,"column":34}},"1":{"start":{"line":2,"column":15},"end":{"line":2,"column":32}},"2":{"start":{"line":3,"column":12},"end":{"line":3,"column":35}},"3":{"start":{"line":4,"column":15},"end":{"line":4,"column":32}},"4":{"start":{"line":5,"column":35},"end":{"line":5,"column":70}},"5":{"start":{"line":6,"column":15},"end":{"line":6,"column":39}},"6":{"start":{"line":8,"column":20},"end":{"line":8,"column":22}},"7":{"start":{"line":12,"column":2},"end":{"line":44,"column":3}},"8":{"start":{"line":13,"column":66},"end":{"line":13,"column":74}},"9":{"start":{"line":15,"column":4},"end":{"line":17,"column":5}},"10":{"start":{"line":16,"column":6},"end":{"line":16,"column":76}},"11":{"start":{"line":19,"column":26},"end":{"line":19,"column":65}},"12":{"start":{"line":20,"column":4},"end":{"line":22,"column":5}},"13":{"start":{"line":21,"column":6},"end":{"line":21,"column":135}},"14":{"start":{"line":24,"column":4},"end":{"line":26,"column":5}},"15":{"start":{"line":25,"column":6},"end":{"line":25,"column":106}},"16":{"start":{"line":28,"column":27},"end":{"line":28,"column":67}},"17":{"start":{"line":29,"column":21},"end":{"line":29,"column":62}},"18":{"start":{"line":31,"column":21},"end":{"line":36,"column":5}},"19":{"start":{"line":38,"column":4},"end":{"line":38,"column":34}},"20":{"start":{"line":40,"column":4},"end":{"line":42,"column":5}},"21":{"start":{"line":41,"column":6},"end":{"line":41,"column":77}},"22":{"start":{"line":43,"column":4},"end":{"line":43,"column":14}},"23":{"start":{"line":49,"column":2},"end":{"line":89,"column":3}},"24":{"start":{"line":50,"column":32},"end":{"line":50,"column":40}},"25":{"start":{"line":52,"column":4},"end":{"line":54,"column":5}},"26":{"start":{"line":53,"column":6},"end":{"line":53,"column":85}},"27":{"start":{"line":56,"column":21},"end":{"line":59,"column":5}},"28":{"start":{"line":61,"column":4},"end":{"line":63,"column":5}},"29":{"start":{"line":62,"column":6},"end":{"line":62,"column":72}},"30":{"start":{"line":65,"column":17},"end":{"line":65,"column":24}},"31":{"start":{"line":66,"column":26},"end":{"line":66,"column":71}},"32":{"start":{"line":68,"column":4},"end":{"line":70,"column":5}},"33":{"start":{"line":69,"column":6},"end":{"line":69,"column":72}},"34":{"start":{"line":72,"column":18},"end":{"line":76,"column":5}},"35":{"start":{"line":78,"column":4},"end":{"line":86,"column":7}},"36":{"start":{"line":88,"column":4},"end":{"line":88,"column":14}},"37":{"start":{"line":94,"column":2},"end":{"line":109,"column":3}},"38":{"start":{"line":95,"column":23},"end":{"line":95,"column":33}},"39":{"start":{"line":97,"column":21},"end":{"line":100,"column":5}},"40":{"start":{"line":102,"column":4},"end":{"line":104,"column":5}},"41":{"start":{"line":103,"column":6},"end":{"line":103,"column":71}},"42":{"start":{"line":106,"column":4},"end":{"line":106,"column":22}},"43":{"start":{"line":108,"column":4},"end":{"line":108,"column":14}},"44":{"start":{"line":115,"column":2},"end":{"line":122,"column":3}},"45":{"start":{"line":116,"column":21},"end":{"line":118,"column":5}},"46":{"start":{"line":119,"column":4},"end":{"line":119,"column":19}},"47":{"start":{"line":121,"column":4},"end":{"line":121,"column":14}},"48":{"start":{"line":126,"column":2},"end":{"line":142,"column":3}},"49":{"start":{"line":127,"column":23},"end":{"line":127,"column":33}},"50":{"start":{"line":128,"column":22},"end":{"line":128,"column":30}},"51":{"start":{"line":129,"column":4},"end":{"line":131,"column":5}},"52":{"start":{"line":130,"column":6},"end":{"line":130,"column":87}},"53":{"start":{"line":132,"column":21},"end":{"line":135,"column":5}},"54":{"start":{"line":136,"column":4},"end":{"line":138,"column":5}},"55":{"start":{"line":137,"column":6},"end":{"line":137,"column":71}},"56":{"start":{"line":139,"column":4},"end":{"line":139,"column":22}},"57":{"start":{"line":141,"column":4},"end":{"line":141,"column":14}},"58":{"start":{"line":147,"column":2},"end":{"line":175,"column":3}},"59":{"start":{"line":148,"column":22},"end":{"line":148,"column":30}},"60":{"start":{"line":150,"column":4},"end":{"line":152,"column":5}},"61":{"start":{"line":151,"column":6},"end":{"line":151,"column":70}},"62":{"start":{"line":154,"column":21},"end":{"line":157,"column":5}},"63":{"start":{"line":159,"column":4},"end":{"line":170,"column":5}},"64":{"start":{"line":160,"column":20},"end":{"line":160,"column":58}},"65":{"start":{"line":161,"column":22},"end":{"line":161,"column":59}},"66":{"start":{"line":163,"column":6},"end":{"line":166,"column":8}},"67":{"start":{"line":168,"column":6},"end":{"line":168,"column":49}},"68":{"start":{"line":169,"column":6},"end":{"line":169,"column":79}},"69":{"start":{"line":172,"column":4},"end":{"line":172,"column":129}},"70":{"start":{"line":174,"column":4},"end":{"line":174,"column":14}},"71":{"start":{"line":180,"column":2},"end":{"line":216,"column":3}},"72":{"start":{"line":181,"column":35},"end":{"line":181,"column":43}},"73":{"start":{"line":183,"column":4},"end":{"line":185,"column":5}},"74":{"start":{"line":184,"column":6},"end":{"line":184,"column":91}},"75":{"start":{"line":187,"column":4},"end":{"line":189,"column":5}},"76":{"start":{"line":188,"column":6},"end":{"line":188,"column":96}},"77":{"start":{"line":191,"column":21},"end":{"line":194,"column":5}},"78":{"start":{"line":196,"column":4},"end":{"line":198,"column":5}},"79":{"start":{"line":197,"column":6},"end":{"line":197,"column":76}},"80":{"start":{"line":200,"column":4},"end":{"line":202,"column":5}},"81":{"start":{"line":201,"column":6},"end":{"line":201,"column":106}},"82":{"start":{"line":204,"column":27},"end":{"line":204,"column":70}},"83":{"start":{"line":206,"column":4},"end":{"line":209,"column":6}},"84":{"start":{"line":211,"column":4},"end":{"line":211,"column":85}},"85":{"start":{"line":213,"column":4},"end":{"line":213,"column":92}},"86":{"start":{"line":215,"column":4},"end":{"line":215,"column":14}},"87":{"start":{"line":219,"column":0},"end":{"line":219,"column":98}}},"fnMap":{"0":{"name":"register","decl":{"start":{"line":11,"column":15},"end":{"line":11,"column":23}},"loc":{"start":{"line":11,"column":40},"end":{"line":45,"column":1}},"line":11},"1":{"name":"login","decl":{"start":{"line":48,"column":15},"end":{"line":48,"column":20}},"loc":{"start":{"line":48,"column":37},"end":{"line":90,"column":1}},"line":48},"2":{"name":"getById","decl":{"start":{"line":93,"column":15},"end":{"line":93,"column":22}},"loc":{"start":{"line":93,"column":39},"end":{"line":110,"column":1}},"line":93},"3":{"name":"getAll","decl":{"start":{"line":114,"column":15},"end":{"line":114,"column":21}},"loc":{"start":{"line":114,"column":38},"end":{"line":123,"column":1}},"line":114},"4":{"name":"updateAlias","decl":{"start":{"line":125,"column":15},"end":{"line":125,"column":26}},"loc":{"start":{"line":125,"column":43},"end":{"line":143,"column":1}},"line":125},"5":{"name":"forgotPassword","decl":{"start":{"line":146,"column":15},"end":{"line":146,"column":29}},"loc":{"start":{"line":146,"column":46},"end":{"line":176,"column":1}},"line":146},"6":{"name":"resetPassword","decl":{"start":{"line":179,"column":15},"end":{"line":179,"column":28}},"loc":{"start":{"line":179,"column":45},"end":{"line":217,"column":1}},"line":179}},"branchMap":{"0":{"loc":{"start":{"line":15,"column":4},"end":{"line":17,"column":5}},"type":"if","locations":[{"start":{"line":15,"column":4},"end":{"line":17,"column":5}},{"start":{},"end":{}}],"line":15},"1":{"loc":{"start":{"line":15,"column":8},"end":{"line":15,"column":48}},"type":"binary-expr","locations":[{"start":{"line":15,"column":8},"end":{"line":15,"column":16}},{"start":{"line":15,"column":20},"end":{"line":15,"column":25}},{"start":{"line":15,"column":29},"end":{"line":15,"column":35}},{"start":{"line":15,"column":39},"end":{"line":15,"column":48}}],"line":15},"2":{"loc":{"start":{"line":20,"column":4},"end":{"line":22,"column":5}},"type":"if","locations":[{"start":{"line":20,"column":4},"end":{"line":22,"column":5}},{"start":{},"end":{}}],"line":20},"3":{"loc":{"start":{"line":24,"column":4},"end":{"line":26,"column":5}},"type":"if","locations":[{"start":{"line":24,"column":4},"end":{"line":26,"column":5}},{"start":{},"end":{}}],"line":24},"4":{"loc":{"start":{"line":29,"column":21},"end":{"line":29,"column":62}},"type":"cond-expr","locations":[{"start":{"line":29,"column":40},"end":{"line":29,"column":47}},{"start":{"line":29,"column":50},"end":{"line":29,"column":62}}],"line":29},"5":{"loc":{"start":{"line":35,"column":55},"end":{"line":35,"column":74}},"type":"binary-expr","locations":[{"start":{"line":35,"column":55},"end":{"line":35,"column":66}},{"start":{"line":35,"column":70},"end":{"line":35,"column":74}}],"line":35},"6":{"loc":{"start":{"line":40,"column":4},"end":{"line":42,"column":5}},"type":"if","locations":[{"start":{"line":40,"column":4},"end":{"line":42,"column":5}},{"start":{},"end":{}}],"line":40},"7":{"loc":{"start":{"line":52,"column":4},"end":{"line":54,"column":5}},"type":"if","locations":[{"start":{"line":52,"column":4},"end":{"line":54,"column":5}},{"start":{},"end":{}}],"line":52},"8":{"loc":{"start":{"line":52,"column":8},"end":{"line":52,"column":27}},"type":"binary-expr","locations":[{"start":{"line":52,"column":8},"end":{"line":52,"column":14}},{"start":{"line":52,"column":18},"end":{"line":52,"column":27}}],"line":52},"9":{"loc":{"start":{"line":61,"column":4},"end":{"line":63,"column":5}},"type":"if","locations":[{"start":{"line":61,"column":4},"end":{"line":63,"column":5}},{"start":{},"end":{}}],"line":61},"10":{"loc":{"start":{"line":68,"column":4},"end":{"line":70,"column":5}},"type":"if","locations":[{"start":{"line":68,"column":4},"end":{"line":70,"column":5}},{"start":{},"end":{}}],"line":68},"11":{"loc":{"start":{"line":102,"column":4},"end":{"line":104,"column":5}},"type":"if","locations":[{"start":{"line":102,"column":4},"end":{"line":104,"column":5}},{"start":{},"end":{}}],"line":102},"12":{"loc":{"start":{"line":129,"column":4},"end":{"line":131,"column":5}},"type":"if","locations":[{"start":{"line":129,"column":4},"end":{"line":131,"column":5}},{"start":{},"end":{}}],"line":129},"13":{"loc":{"start":{"line":129,"column":8},"end":{"line":129,"column":35}},"type":"binary-expr","locations":[{"start":{"line":129,"column":8},"end":{"line":129,"column":14}},{"start":{"line":129,"column":18},"end":{"line":129,"column":35}}],"line":129},"14":{"loc":{"start":{"line":136,"column":4},"end":{"line":138,"column":5}},"type":"if","locations":[{"start":{"line":136,"column":4},"end":{"line":138,"column":5}},{"start":{},"end":{}}],"line":136},"15":{"loc":{"start":{"line":150,"column":4},"end":{"line":152,"column":5}},"type":"if","locations":[{"start":{"line":150,"column":4},"end":{"line":152,"column":5}},{"start":{},"end":{}}],"line":150},"16":{"loc":{"start":{"line":159,"column":4},"end":{"line":170,"column":5}},"type":"if","locations":[{"start":{"line":159,"column":4},"end":{"line":170,"column":5}},{"start":{},"end":{}}],"line":159},"17":{"loc":{"start":{"line":183,"column":4},"end":{"line":185,"column":5}},"type":"if","locations":[{"start":{"line":183,"column":4},"end":{"line":185,"column":5}},{"start":{},"end":{}}],"line":183},"18":{"loc":{"start":{"line":183,"column":8},"end":{"line":183,"column":30}},"type":"binary-expr","locations":[{"start":{"line":183,"column":8},"end":{"line":183,"column":14}},{"start":{"line":183,"column":18},"end":{"line":183,"column":30}}],"line":183},"19":{"loc":{"start":{"line":187,"column":4},"end":{"line":189,"column":5}},"type":"if","locations":[{"start":{"line":187,"column":4},"end":{"line":189,"column":5}},{"start":{},"end":{}}],"line":187},"20":{"loc":{"start":{"line":196,"column":4},"end":{"line":198,"column":5}},"type":"if","locations":[{"start":{"line":196,"column":4},"end":{"line":198,"column":5}},{"start":{},"end":{}}],"line":196},"21":{"loc":{"start":{"line":200,"column":4},"end":{"line":202,"column":5}},"type":"if","locations":[{"start":{"line":200,"column":4},"end":{"line":202,"column":5}},{"start":{},"end":{}}],"line":200}},"s":{"0":4,"1":4,"2":4,"3":4,"4":4,"5":4,"6":4,"7":4,"8":4,"9":4,"10":1,"11":3,"12":3,"13":1,"14":2,"15":0,"16":2,"17":2,"18":2,"19":1,"20":1,"21":1,"22":0,"23":4,"24":4,"25":4,"26":1,"27":3,"28":3,"29":1,"30":2,"31":2,"32":2,"33":1,"34":1,"35":1,"36":0,"37":0,"38":0,"39":0,"40":0,"41":0,"42":0,"43":0,"44":0,"45":0,"46":0,"47":0,"48":0,"49":0,"50":0,"51":0,"52":0,"53":0,"54":0,"55":0,"56":0,"57":0,"58":3,"59":3,"60":3,"61":1,"62":2,"63":2,"64":1,"65":1,"66":1,"67":1,"68":1,"69":2,"70":0,"71":5,"72":5,"73":5,"74":1,"75":4,"76":1,"77":3,"78":3,"79":1,"80":2,"81":1,"82":1,"83":1,"84":1,"85":1,"86":0,"87":4},"f":{"0":4,"1":4,"2":0,"3":0,"4":0,"5":3,"6":5},"b":{"0":[1,3],"1":[4,3,3,3],"2":[1,2],"3":[0,2],"4":[0,2],"5":[2,2],"6":[1,0],"7":[1,3],"8":[4,3],"9":[1,2],"10":[1,1],"11":[0,0],"12":[0,0],"13":[0,0],"14":[0,0],"15":[1,2],"16":[1,1],"17":[1,4],"18":[5,4],"19":[1,3],"20":[1,2],"21":[1,1]},"_coverageSchema":"1a1c01bbd47fc00a2c39e90264f33305004495a9","hash":"8a15118d9a37cf70fac7724074c6b1c6b19d863e"}
,"/home/abarcar/Workspace/TonarisBackend/src/db/pool.js": {"path":"/home/abarcar/Workspace/TonarisBackend/src/db/pool.js","statementMap":{"0":{"start":{"line":1,"column":17},"end":{"line":1,"column":30}},"1":{"start":{"line":2,"column":15},"end":{"line":2,"column":39}},"2":{"start":{"line":4,"column":13},"end":{"line":10,"column":2}},"3":{"start":{"line":12,"column":0},"end":{"line":14,"column":3}},"4":{"start":{"line":13,"column":2},"end":{"line":13,"column":56}},"5":{"start":{"line":16,"column":0},"end":{"line":16,"column":22}}},"fnMap":{"0":{"name":"(anonymous_0)","decl":{"start":{"line":12,"column":17},"end":{"line":12,"column":18}},"loc":{"start":{"line":12,"column":26},"end":{"line":14,"column":1}},"line":12}},"branchMap":{},"s":{"0":4,"1":4,"2":4,"3":4,"4":0,"5":4},"f":{"0":0},"b":{},"_coverageSchema":"1a1c01bbd47fc00a2c39e90264f33305004495a9","hash":"6ae27286ca62c0db64081233b88adc3d3afb81eb"}
,"/home/abarcar/Workspace/TonarisBackend/src/db/migrations/migrationRunner.js": {"path":"/home/abarcar/Workspace/TonarisBackend/src/db/migrations/migrationRunner.js","statementMap":{"0":{"start":{"line":1,"column":11},"end":{"line":1,"column":24}},"1":{"start":{"line":2,"column":13},"end":{"line":2,"column":28}},"2":{"start":{"line":3,"column":13},"end":{"line":3,"column":31}},"3":{"start":{"line":4,"column":15},"end":{"line":4,"column":42}},"4":{"start":{"line":7,"column":17},"end":{"line":7,"column":37}},"5":{"start":{"line":9,"column":2},"end":{"line":56,"column":3}},"6":{"start":{"line":11,"column":4},"end":{"line":17,"column":7}},"7":{"start":{"line":20,"column":26},"end":{"line":20,"column":46}},"8":{"start":{"line":21,"column":18},"end":{"line":23,"column":13}},"9":{"start":{"line":22,"column":19},"end":{"line":22,"column":37}},"10":{"start":{"line":25,"column":4},"end":{"line":48,"column":5}},"11":{"start":{"line":27,"column":23},"end":{"line":30,"column":7}},"12":{"start":{"line":32,"column":6},"end":{"line":35,"column":7}},"13":{"start":{"line":33,"column":8},"end":{"line":33,"column":49}},"14":{"start":{"line":34,"column":8},"end":{"line":34,"column":17}},"15":{"start":{"line":38,"column":18},"end":{"line":38,"column":73}},"16":{"start":{"line":39,"column":6},"end":{"line":39,"column":30}},"17":{"start":{"line":42,"column":6},"end":{"line":45,"column":8}},"18":{"start":{"line":47,"column":6},"end":{"line":47,"column":52}},"19":{"start":{"line":50,"column":4},"end":{"line":50,"column":47}},"20":{"start":{"line":52,"column":4},"end":{"line":52,"column":48}},"21":{"start":{"line":53,"column":4},"end":{"line":53,"column":14}},"22":{"start":{"line":55,"column":4},"end":{"line":55,"column":21}},"23":{"start":{"line":59,"column":0},"end":{"line":59,"column":35}}},"fnMap":{"0":{"name":"runMigrations","decl":{"start":{"line":6,"column":15},"end":{"line":6,"column":28}},"loc":{"start":{"line":6,"column":31},"end":{"line":57,"column":1}},"line":6},"1":{"name":"(anonymous_1)","decl":{"start":{"line":22,"column":14},"end":{"line":22,"column":15}},"loc":{"start":{"line":22,"column":19},"end":{"line":22,"column":37}},"line":22}},"branchMap":{"0":{"loc":{"start":{"line":32,"column":6},"end":{"line":35,"column":7}},"type":"if","locations":[{"start":{"line":32,"column":6},"end":{"line":35,"column":7}},{"start":{},"end":{}}],"line":32}},"s":{"0":4,"1":4,"2":4,"3":4,"4":0,"5":0,"6":0,"7":0,"8":0,"9":0,"10":0,"11":0,"12":0,"13":0,"14":0,"15":0,"16":0,"17":0,"18":0,"19":0,"20":0,"21":0,"22":0,"23":4},"f":{"0":0,"1":0},"b":{"0":[0,0]},"_coverageSchema":"1a1c01bbd47fc00a2c39e90264f33305004495a9","hash":"020570f0519f3f3ca5a1bb49b092fe73303fd004"}
,"/home/abarcar/Workspace/TonarisBackend/src/lib/logger.js": {"path":"/home/abarcar/Workspace/TonarisBackend/src/lib/logger.js","statementMap":{"0":{"start":{"line":1,"column":13},"end":{"line":1,"column":28}},"1":{"start":{"line":2,"column":0},"end":{"line":7,"column":3}}},"fnMap":{},"branchMap":{},"s":{"0":7,"1":7},"f":{},"b":{},"_coverageSchema":"1a1c01bbd47fc00a2c39e90264f33305004495a9","hash":"522541afa24ec5cc204863b19313f267cabb3a4c"}
,"/home/abarcar/Workspace/TonarisBackend/src/lib/ranks.js": {"path":"/home/abarcar/Workspace/TonarisBackend/src/lib/ranks.js","statementMap":{"0":{"start":{"line":1,"column":14},"end":{"line":8,"column":1}},"1":{"start":{"line":11,"column":13},"end":{"line":11,"column":26}},"2":{"start":{"line":12,"column":2},"end":{"line":16,"column":3}},"3":{"start":{"line":13,"column":4},"end":{"line":15,"column":5}},"4":{"start":{"line":14,"column":6},"end":{"line":14,"column":20}},"5":{"start":{"line":17,"column":2},"end":{"line":17,"column":14}},"6":{"start":{"line":20,"column":0},"end":{"line":20,"column":53}}},"fnMap":{"0":{"name":"getRankFromMasteredCount","decl":{"start":{"line":10,"column":9},"end":{"line":10,"column":33}},"loc":{"start":{"line":10,"column":41},"end":{"line":18,"column":1}},"line":10}},"branchMap":{"0":{"loc":{"start":{"line":13,"column":4},"end":{"line":15,"column":5}},"type":"if","locations":[{"start":{"line":13,"column":4},"end":{"line":15,"column":5}},{"start":{},"end":{}}],"line":13}},"s":{"0":4,"1":0,"2":0,"3":0,"4":0,"5":0,"6":4},"f":{"0":0},"b":{"0":[0,0]},"_coverageSchema":"1a1c01bbd47fc00a2c39e90264f33305004495a9","hash":"197a0fc6e1d7260a7eb52e5676e5dfcdc75bcc60"}
,"/home/abarcar/Workspace/TonarisBackend/src/middleware/auth.js": {"path":"/home/abarcar/Workspace/TonarisBackend/src/middleware/auth.js","statementMap":{"0":{"start":{"line":1,"column":12},"end":{"line":1,"column":35}},"1":{"start":{"line":4,"column":21},"end":{"line":4,"column":49}},"2":{"start":{"line":5,"column":16},"end":{"line":5,"column":54}},"3":{"start":{"line":7,"column":2},"end":{"line":9,"column":3}},"4":{"start":{"line":8,"column":4},"end":{"line":8,"column":63}},"5":{"start":{"line":11,"column":2},"end":{"line":17,"column":3}},"6":{"start":{"line":12,"column":20},"end":{"line":12,"column":61}},"7":{"start":{"line":13,"column":4},"end":{"line":13,"column":23}},"8":{"start":{"line":14,"column":4},"end":{"line":14,"column":11}},"9":{"start":{"line":16,"column":4},"end":{"line":16,"column":73}},"10":{"start":{"line":21,"column":2},"end":{"line":23,"column":3}},"11":{"start":{"line":22,"column":4},"end":{"line":22,"column":84}},"12":{"start":{"line":24,"column":2},"end":{"line":24,"column":9}},"13":{"start":{"line":27,"column":0},"end":{"line":27,"column":50}}},"fnMap":{"0":{"name":"authenticate","decl":{"start":{"line":3,"column":9},"end":{"line":3,"column":21}},"loc":{"start":{"line":3,"column":38},"end":{"line":18,"column":1}},"line":3},"1":{"name":"authorizeAdmin","decl":{"start":{"line":20,"column":9},"end":{"line":20,"column":23}},"loc":{"start":{"line":20,"column":40},"end":{"line":25,"column":1}},"line":20}},"branchMap":{"0":{"loc":{"start":{"line":5,"column":16},"end":{"line":5,"column":54}},"type":"binary-expr","locations":[{"start":{"line":5,"column":16},"end":{"line":5,"column":26}},{"start":{"line":5,"column":30},"end":{"line":5,"column":54}}],"line":5},"1":{"loc":{"start":{"line":7,"column":2},"end":{"line":9,"column":3}},"type":"if","locations":[{"start":{"line":7,"column":2},"end":{"line":9,"column":3}},{"start":{},"end":{}}],"line":7},"2":{"loc":{"start":{"line":21,"column":2},"end":{"line":23,"column":3}},"type":"if","locations":[{"start":{"line":21,"column":2},"end":{"line":23,"column":3}},{"start":{},"end":{}}],"line":21}},"s":{"0":5,"1":3,"2":3,"3":3,"4":1,"5":2,"6":2,"7":1,"8":1,"9":1,"10":3,"11":2,"12":1,"13":5},"f":{"0":3,"1":3},"b":{"0":[3,2],"1":[1,2],"2":[2,1]},"_coverageSchema":"1a1c01bbd47fc00a2c39e90264f33305004495a9","hash":"2f6ef2f1d82fa14fc1f76eb120c70d11f9b80bbf"}
,"/home/abarcar/Workspace/TonarisBackend/src/middleware/cors.js": {"path":"/home/abarcar/Workspace/TonarisBackend/src/middleware/cors.js","statementMap":{"0":{"start":{"line":5,"column":23},"end":{"line":11,"column":1}},"1":{"start":{"line":14,"column":17},"end":{"line":14,"column":38}},"2":{"start":{"line":16,"column":2},"end":{"line":22,"column":3}},"3":{"start":{"line":17,"column":4},"end":{"line":17,"column":57}},"4":{"start":{"line":18,"column":9},"end":{"line":22,"column":3}},"5":{"start":{"line":19,"column":4},"end":{"line":19,"column":54}},"6":{"start":{"line":21,"column":4},"end":{"line":21,"column":68}},"7":{"start":{"line":24,"column":2},"end":{"line":24,"column":83}},"8":{"start":{"line":25,"column":2},"end":{"line":25,"column":79}},"9":{"start":{"line":27,"column":2},"end":{"line":29,"column":3}},"10":{"start":{"line":28,"column":4},"end":{"line":28,"column":31}},"11":{"start":{"line":31,"column":2},"end":{"line":31,"column":9}},"12":{"start":{"line":34,"column":0},"end":{"line":34,"column":22}}},"fnMap":{"0":{"name":"cors","decl":{"start":{"line":13,"column":9},"end":{"line":13,"column":13}},"loc":{"start":{"line":13,"column":30},"end":{"line":32,"column":1}},"line":13}},"branchMap":{"0":{"loc":{"start":{"line":16,"column":2},"end":{"line":22,"column":3}},"type":"if","locations":[{"start":{"line":16,"column":2},"end":{"line":22,"column":3}},{"start":{"line":18,"column":9},"end":{"line":22,"column":3}}],"line":16},"1":{"loc":{"start":{"line":16,"column":6},"end":{"line":16,"column":47}},"type":"binary-expr","locations":[{"start":{"line":16,"column":6},"end":{"line":16,"column":12}},{"start":{"line":16,"column":16},"end":{"line":16,"column":47}}],"line":16},"2":{"loc":{"start":{"line":18,"column":9},"end":{"line":22,"column":3}},"type":"if","locations":[{"start":{"line":18,"column":9},"end":{"line":22,"column":3}},{"start":{"line":20,"column":9},"end":{"line":22,"column":3}}],"line":18},"3":{"loc":{"start":{"line":27,"column":2},"end":{"line":29,"column":3}},"type":"if","locations":[{"start":{"line":27,"column":2},"end":{"line":29,"column":3}},{"start":{},"end":{}}],"line":27}},"s":{"0":4,"1":17,"2":17,"3":0,"4":17,"5":17,"6":0,"7":17,"8":17,"9":17,"10":0,"11":17,"12":4},"f":{"0":17},"b":{"0":[0,17],"1":[17,0],"2":[17,0],"3":[0,17]},"_coverageSchema":"1a1c01bbd47fc00a2c39e90264f33305004495a9","hash":"065b78cf43af1cccf7240269e498f444a3e27fae"}
,"/home/abarcar/Workspace/TonarisBackend/src/middleware/errorHandler.js": {"path":"/home/abarcar/Workspace/TonarisBackend/src/middleware/errorHandler.js","statementMap":{"0":{"start":{"line":1,"column":15},"end":{"line":1,"column":39}},"1":{"start":{"line":8,"column":2},"end":{"line":8,"column":57}},"2":{"start":{"line":10,"column":17},"end":{"line":10,"column":34}},"3":{"start":{"line":11,"column":23},"end":{"line":11,"column":60}},"4":{"start":{"line":12,"column":18},"end":{"line":12,"column":111}},"5":{"start":{"line":14,"column":2},"end":{"line":14,"column":46}},"6":{"start":{"line":17,"column":0},"end":{"line":17,"column":30}}},"fnMap":{"0":{"name":"errorHandler","decl":{"start":{"line":7,"column":9},"end":{"line":7,"column":21}},"loc":{"start":{"line":7,"column":43},"end":{"line":15,"column":1}},"line":7}},"branchMap":{"0":{"loc":{"start":{"line":10,"column":17},"end":{"line":10,"column":34}},"type":"binary-expr","locations":[{"start":{"line":10,"column":17},"end":{"line":10,"column":27}},{"start":{"line":10,"column":31},"end":{"line":10,"column":34}}],"line":10},"1":{"loc":{"start":{"line":12,"column":18},"end":{"line":12,"column":111}},"type":"cond-expr","locations":[{"start":{"line":12,"column":33},"end":{"line":12,"column":62}},{"start":{"line":12,"column":66},"end":{"line":12,"column":110}}],"line":12},"2":{"loc":{"start":{"line":12,"column":66},"end":{"line":12,"column":110}},"type":"binary-expr","locations":[{"start":{"line":12,"column":66},"end":{"line":12,"column":77}},{"start":{"line":12,"column":81},"end":{"line":12,"column":110}}],"line":12}},"s":{"0":4,"1":0,"2":0,"3":0,"4":0,"5":0,"6":4},"f":{"0":0},"b":{"0":[0,0],"1":[0,0],"2":[0,0]},"_coverageSchema":"1a1c01bbd47fc00a2c39e90264f33305004495a9","hash":"f471442e979fc2435b5978617cbdf3dee6e5714e"}
,"/home/abarcar/Workspace/TonarisBackend/src/middleware/rateLimiter.js": {"path":"/home/abarcar/Workspace/TonarisBackend/src/middleware/rateLimiter.js","statementMap":{"0":{"start":{"line":1,"column":18},"end":{"line":1,"column":47}},"1":{"start":{"line":3,"column":20},"end":{"line":7,"column":2}},"2":{"start":{"line":9,"column":0},"end":{"line":9,"column":29}}},"fnMap":{},"branchMap":{},"s":{"0":1,"1":1,"2":1},"f":{},"b":{},"_coverageSchema":"1a1c01bbd47fc00a2c39e90264f33305004495a9","hash":"dd28095aa7e6f0e42345d39436b4241a3e490545"}
,"/home/abarcar/Workspace/TonarisBackend/src/routes/analytics.js": {"path":"/home/abarcar/Workspace/TonarisBackend/src/routes/analytics.js","statementMap":{"0":{"start":{"line":1,"column":16},"end":{"line":1,"column":34}},"1":{"start":{"line":2,"column":41},"end":{"line":2,"column":70}},"2":{"start":{"line":3,"column":28},"end":{"line":3,"column":63}},"3":{"start":{"line":5,"column":15},"end":{"line":5,"column":31}},"4":{"start":{"line":8,"column":0},"end":{"line":8,"column":75}},"5":{"start":{"line":9,"column":0},"end":{"line":9,"column":77}},"6":{"start":{"line":10,"column":0},"end":{"line":10,"column":81}},"7":{"start":{"line":11,"column":0},"end":{"line":11,"column":77}},"8":{"start":{"line":12,"column":0},"end":{"line":12,"column":63}},"9":{"start":{"line":13,"column":0},"end":{"line":13,"column":82}},"10":{"start":{"line":14,"column":0},"end":{"line":14,"column":77}},"11":{"start":{"line":15,"column":0},"end":{"line":15,"column":87}},"12":{"start":{"line":17,"column":0},"end":{"line":17,"column":24}}},"fnMap":{},"branchMap":{},"s":{"0":4,"1":4,"2":4,"3":4,"4":4,"5":4,"6":4,"7":4,"8":4,"9":4,"10":4,"11":4,"12":4},"f":{},"b":{},"_coverageSchema":"1a1c01bbd47fc00a2c39e90264f33305004495a9","hash":"1b9a8bbc6d00c5d9989e7363ee9fd12493864560"}
,"/home/abarcar/Workspace/TonarisBackend/src/routes/progress.js": {"path":"/home/abarcar/Workspace/TonarisBackend/src/routes/progress.js","statementMap":{"0":{"start":{"line":1,"column":16},"end":{"line":1,"column":34}},"1":{"start":{"line":2,"column":15},"end":{"line":2,"column":31}},"2":{"start":{"line":3,"column":28},"end":{"line":3,"column":62}},"3":{"start":{"line":4,"column":25},"end":{"line":4,"column":54}},"4":{"start":{"line":6,"column":0},"end":{"line":6,"column":54}},"5":{"start":{"line":8,"column":0},"end":{"line":8,"column":24}}},"fnMap":{},"branchMap":{},"s":{"0":4,"1":4,"2":4,"3":4,"4":4,"5":4},"f":{},"b":{},"_coverageSchema":"1a1c01bbd47fc00a2c39e90264f33305004495a9","hash":"b5ab137000ea7be9205a012b27155d256791bc7c"}
,"/home/abarcar/Workspace/TonarisBackend/src/routes/sessions.js": {"path":"/home/abarcar/Workspace/TonarisBackend/src/routes/sessions.js","statementMap":{"0":{"start":{"line":1,"column":16},"end":{"line":1,"column":34}},"1":{"start":{"line":2,"column":15},"end":{"line":2,"column":31}},"2":{"start":{"line":3,"column":45},"end":{"line":3,"column":79}},"3":{"start":{"line":4,"column":25},"end":{"line":4,"column":54}},"4":{"start":{"line":6,"column":0},"end":{"line":6,"column":46}},"5":{"start":{"line":7,"column":0},"end":{"line":7,"column":56}},"6":{"start":{"line":9,"column":0},"end":{"line":9,"column":24}}},"fnMap":{},"branchMap":{},"s":{"0":4,"1":4,"2":4,"3":4,"4":4,"5":4,"6":4},"f":{},"b":{},"_coverageSchema":"1a1c01bbd47fc00a2c39e90264f33305004495a9","hash":"264383463f5d3567331a0d1dd9d9054bb0b5d333"}
,"/home/abarcar/Workspace/TonarisBackend/src/routes/users.js": {"path":"/home/abarcar/Workspace/TonarisBackend/src/routes/users.js","statementMap":{"0":{"start":{"line":1,"column":16},"end":{"line":1,"column":34}},"1":{"start":{"line":2,"column":15},"end":{"line":2,"column":31}},"2":{"start":{"line":3,"column":89},"end":{"line":3,"column":120}},"3":{"start":{"line":4,"column":41},"end":{"line":4,"column":70}},"4":{"start":{"line":5,"column":20},"end":{"line":5,"column":56}},"5":{"start":{"line":7,"column":0},"end":{"line":7,"column":48}},"6":{"start":{"line":8,"column":0},"end":{"line":8,"column":42}},"7":{"start":{"line":9,"column":0},"end":{"line":9,"column":61}},"8":{"start":{"line":10,"column":0},"end":{"line":10,"column":59}},"9":{"start":{"line":11,"column":0},"end":{"line":11,"column":57}},"10":{"start":{"line":12,"column":0},"end":{"line":12,"column":46}},"11":{"start":{"line":13,"column":0},"end":{"line":13,"column":58}},"12":{"start":{"line":15,"column":0},"end":{"line":15,"column":24}}},"fnMap":{},"branchMap":{},"s":{"0":4,"1":4,"2":4,"3":4,"4":4,"5":4,"6":4,"7":4,"8":4,"9":4,"10":4,"11":4,"12":4},"f":{},"b":{},"_coverageSchema":"1a1c01bbd47fc00a2c39e90264f33305004495a9","hash":"2bd49cd6228631e3a8efb609befe1bfce8f744c1"}
,"/home/abarcar/Workspace/TonarisBackend/src/services/emailService.js": {"path":"/home/abarcar/Workspace/TonarisBackend/src/services/emailService.js","statementMap":{"0":{"start":{"line":1,"column":19},"end":{"line":1,"column":36}},"1":{"start":{"line":2,"column":15},"end":{"line":2,"column":39}},"2":{"start":{"line":4,"column":21},"end":{"line":4,"column":25}},"3":{"start":{"line":7,"column":2},"end":{"line":9,"column":3}},"4":{"start":{"line":8,"column":4},"end":{"line":8,"column":60}},"5":{"start":{"line":10,"column":2},"end":{"line":10,"column":24}},"6":{"start":{"line":14,"column":22},"end":{"line":14,"column":73}},"7":{"start":{"line":15,"column":20},"end":{"line":15,"column":79}},"8":{"start":{"line":17,"column":2},"end":{"line":52,"column":3}},"9":{"start":{"line":18,"column":4},"end":{"line":46,"column":7}},"10":{"start":{"line":48,"column":4},"end":{"line":48,"column":73}},"11":{"start":{"line":50,"column":4},"end":{"line":50,"column":74}},"12":{"start":{"line":51,"column":4},"end":{"line":51,"column":14}},"13":{"start":{"line":55,"column":0},"end":{"line":55,"column":44}}},"fnMap":{"0":{"name":"getResend","decl":{"start":{"line":6,"column":9},"end":{"line":6,"column":18}},"loc":{"start":{"line":6,"column":21},"end":{"line":11,"column":1}},"line":6},"1":{"name":"sendPasswordResetEmail","decl":{"start":{"line":13,"column":15},"end":{"line":13,"column":37}},"loc":{"start":{"line":13,"column":57},"end":{"line":53,"column":1}},"line":13}},"branchMap":{"0":{"loc":{"start":{"line":7,"column":2},"end":{"line":9,"column":3}},"type":"if","locations":[{"start":{"line":7,"column":2},"end":{"line":9,"column":3}},{"start":{},"end":{}}],"line":7},"1":{"loc":{"start":{"line":14,"column":22},"end":{"line":14,"column":73}},"type":"binary-expr","locations":[{"start":{"line":14,"column":22},"end":{"line":14,"column":46}},{"start":{"line":14,"column":50},"end":{"line":14,"column":73}}],"line":14}},"s":{"0":3,"1":3,"2":3,"3":0,"4":0,"5":0,"6":0,"7":0,"8":0,"9":0,"10":0,"11":0,"12":0,"13":3},"f":{"0":0,"1":0},"b":{"0":[0,0],"1":[0,0]},"_coverageSchema":"1a1c01bbd47fc00a2c39e90264f33305004495a9","hash":"be5063161a1588f193a7f0e0559d0610df4a57df"}
}
