TN:
SF:src/app.js
FN:36,(anonymous_0)
FN:50,(anonymous_1)
FN:52,(anonymous_2)
FN:58,(anonymous_3)
FN:63,shutdown
FN:64,(anonymous_5)
FN:67,(anonymous_6)
FN:68,(anonymous_7)
FN:74,(anonymous_8)
FNF:9
FNH:2
FNDA:1,(anonymous_0)
FNDA:0,(anonymous_1)
FNDA:0,(anonymous_2)
FNDA:0,(anonymous_3)
FNDA:8,shutdown
FNDA:0,(anonymous_5)
FNDA:0,(anonymous_6)
FNDA:0,(anonymous_7)
FNDA:0,(anonymous_8)
DA:1,4
DA:2,4
DA:4,4
DA:5,4
DA:6,0
DA:9,4
DA:10,4
DA:11,4
DA:12,4
DA:13,4
DA:14,4
DA:15,4
DA:17,4
DA:20,4
DA:21,4
DA:22,4
DA:25,4
DA:26,4
DA:27,4
DA:28,4
DA:30,4
DA:31,4
DA:32,4
DA:33,4
DA:36,4
DA:37,1
DA:41,4
DA:42,0
DA:44,4
DA:46,4
DA:49,4
DA:50,0
DA:51,0
DA:52,0
DA:53,0
DA:54,0
DA:58,0
DA:59,0
DA:64,8
DA:65,0
DA:66,0
DA:67,0
DA:68,0
DA:69,0
DA:70,0
DA:74,0
DA:79,4
DA:80,4
DA:82,4
LF:49
LH:33
BRDA:5,0,0,0
BRDA:5,0,1,4
BRDA:41,1,0,0
BRDA:41,1,1,4
BRDA:46,2,0,4
BRDA:46,2,1,0
BRDA:49,3,0,0
BRDA:49,3,1,4
BRDA:66,4,0,0
BRDA:66,4,1,0
BRF:10
BRH:4
end_of_record
TN:
SF:src/controllers/analytics.js
FN:5,successResponse
FN:9,errorResponse
FN:14,getStreak
FN:35,(anonymous_3)
FN:38,(anonymous_4)
FN:62,getHistory
FN:86,getIntervals
FN:107,getSummary
FN:135,getLeaderboard
FN:158,getTrend
FN:185,(anonymous_10)
FN:186,(anonymous_11)
FN:204,getMastery
FN:218,updateDailyGoal
FNF:14
FNH:0
FNDA:0,successResponse
FNDA:0,errorResponse
FNDA:0,getStreak
FNDA:0,(anonymous_3)
FNDA:0,(anonymous_4)
FNDA:0,getHistory
FNDA:0,getIntervals
FNDA:0,getSummary
FNDA:0,getLeaderboard
FNDA:0,getTrend
FNDA:0,(anonymous_10)
FNDA:0,(anonymous_11)
FNDA:0,getMastery
FNDA:0,updateDailyGoal
DA:1,4
DA:2,4
DA:6,0
DA:10,0
DA:15,0
DA:16,0
DA:18,0
DA:24,0
DA:26,0
DA:31,0
DA:33,0
DA:35,0
DA:37,0
DA:38,0
DA:39,0
DA:41,0
DA:42,0
DA:43,0
DA:44,0
DA:45,0
DA:46,0
DA:50,0
DA:57,0
DA:58,0
DA:63,0
DA:64,0
DA:65,0
DA:79,0
DA:80,0
DA:82,0
DA:87,0
DA:88,0
DA:89,0
DA:100,0
DA:101,0
DA:103,0
DA:108,0
DA:109,0
DA:110,0
DA:118,0
DA:120,0
DA:125,0
DA:130,0
DA:131,0
DA:136,0
DA:137,0
DA:151,0
DA:152,0
DA:154,0
DA:159,0
DA:160,0
DA:162,0
DA:183,0
DA:185,0
DA:186,0
DA:188,0
DA:199,0
DA:200,0
DA:205,0
DA:206,0
DA:207,0
DA:211,0
DA:213,0
DA:214,0
DA:219,0
DA:220,0
DA:221,0
DA:223,0
DA:224,0
DA:227,0
DA:228,0
DA:231,0
DA:236,0
DA:237,0
DA:240,0
DA:242,0
DA:243,0
DA:247,4
LF:78
LH:3
BRDA:33,0,0,0
BRDA:33,0,1,0
BRDA:42,1,0,0
BRDA:42,1,1,0
BRDA:42,2,0,0
BRDA:42,2,1,0
BRDA:45,3,0,0
BRDA:45,3,1,0
BRDA:53,4,0,0
BRDA:53,4,1,0
BRDA:127,5,0,0
BRDA:127,5,1,0
BRDA:185,6,0,0
BRDA:185,6,1,0
BRDA:186,7,0,0
BRDA:186,7,1,0
BRDA:192,8,0,0
BRDA:192,8,1,0
BRDA:193,9,0,0
BRDA:193,9,1,0
BRDA:194,10,0,0
BRDA:194,10,1,0
BRDA:195,11,0,0
BRDA:195,11,1,0
BRDA:223,12,0,0
BRDA:223,12,1,0
BRDA:223,13,0,0
BRDA:223,13,1,0
BRDA:223,13,2,0
BRDA:227,14,0,0
BRDA:227,14,1,0
BRDA:236,15,0,0
BRDA:236,15,1,0
BRF:33
BRH:0
end_of_record
TN:
SF:src/controllers/progress.js
FN:8,getUserProgress
FNF:1
FNH:0
FNDA:0,getUserProgress
DA:1,4
DA:2,4
DA:9,0
DA:11,0
DA:12,0
DA:25,0
DA:27,0
DA:28,0
DA:31,0
DA:41,0
DA:42,0
DA:46,4
LF:12
LH:3
BRDA:27,0,0,0
BRDA:27,0,1,0
BRDA:27,1,0,0
BRDA:27,1,1,0
BRF:4
BRH:0
end_of_record
TN:
SF:src/controllers/sessions.js
FN:9,createSession
FN:100,(anonymous_1)
FN:102,(anonymous_2)
FN:111,(anonymous_3)
FN:144,getSessionsByUser
FNF:5
FNH:0
FNDA:0,createSession
FNDA:0,(anonymous_1)
FNDA:0,(anonymous_2)
FNDA:0,(anonymous_3)
FNDA:0,getSessionsByUser
DA:1,4
DA:2,4
DA:3,4
DA:10,0
DA:12,0
DA:13,0
DA:16,0
DA:17,0
DA:18,0
DA:20,0
DA:26,0
DA:27,0
DA:29,0
DA:30,0
DA:31,0
DA:32,0
DA:37,0
DA:40,0
DA:41,0
DA:52,0
DA:55,0
DA:56,0
DA:57,0
DA:58,0
DA:59,0
DA:60,0
DA:62,0
DA:65,0
DA:79,0
DA:84,0
DA:85,0
DA:92,0
DA:100,0
DA:101,0
DA:102,0
DA:103,0
DA:105,0
DA:109,0
DA:111,0
DA:112,0
DA:113,0
DA:114,0
DA:115,0
DA:116,0
DA:117,0
DA:118,0
DA:120,0
DA:124,0
DA:125,0
DA:129,0
DA:133,0
DA:135,0
DA:136,0
DA:145,0
DA:147,0
DA:148,0
DA:153,0
DA:155,0
DA:156,0
DA:160,4
LF:60
LH:4
BRDA:12,0,0,0
BRDA:12,0,1,0
BRDA:12,1,0,0
BRDA:12,1,1,0
BRDA:12,1,2,0
BRDA:12,1,3,0
BRDA:12,1,4,0
BRDA:26,2,0,0
BRDA:26,2,1,0
BRDA:26,3,0,0
BRDA:26,3,1,0
BRDA:55,4,0,0
BRDA:55,4,1,0
BRDA:55,5,0,0
BRDA:55,5,1,0
BRDA:57,6,0,0
BRDA:57,6,1,0
BRDA:59,7,0,0
BRDA:59,7,1,0
BRDA:109,8,0,0
BRDA:109,8,1,0
BRDA:112,9,0,0
BRDA:112,9,1,0
BRDA:117,10,0,0
BRDA:117,10,1,0
BRDA:124,11,0,0
BRDA:124,11,1,0
BRDA:124,12,0,0
BRDA:124,12,1,0
BRDA:124,12,2,0
BRF:30
BRH:0
end_of_record
TN:
SF:src/controllers/users.js
FN:11,register
FN:48,login
FN:93,getById
FN:114,getAll
FN:125,updateAlias
FN:146,forgotPassword
FN:179,resetPassword
FNF:7
FNH:4
FNDA:4,register
FNDA:4,login
FNDA:0,getById
FNDA:0,getAll
FNDA:0,updateAlias
FNDA:3,forgotPassword
FNDA:5,resetPassword
DA:1,4
DA:2,4
DA:3,4
DA:4,4
DA:5,4
DA:6,4
DA:8,4
DA:12,4
DA:13,4
DA:15,4
DA:16,1
DA:19,3
DA:20,3
DA:21,1
DA:24,2
DA:25,0
DA:28,2
DA:29,2
DA:31,2
DA:38,1
DA:40,1
DA:41,1
DA:43,0
DA:49,4
DA:50,4
DA:52,4
DA:53,1
DA:56,3
DA:61,3
DA:62,1
DA:65,2
DA:66,2
DA:68,2
DA:69,1
DA:72,1
DA:78,1
DA:88,0
DA:94,0
DA:95,0
DA:97,0
DA:102,0
DA:103,0
DA:106,0
DA:108,0
DA:115,0
DA:116,0
DA:119,0
DA:121,0
DA:126,0
DA:127,0
DA:128,0
DA:129,0
DA:130,0
DA:132,0
DA:136,0
DA:137,0
DA:139,0
DA:141,0
DA:147,3
DA:148,3
DA:150,3
DA:151,1
DA:154,2
DA:159,2
DA:160,1
DA:161,1
DA:163,1
DA:168,1
DA:169,1
DA:172,2
DA:174,0
DA:180,5
DA:181,5
DA:183,5
DA:184,1
DA:187,4
DA:188,1
DA:191,3
DA:196,3
DA:197,1
DA:200,2
DA:201,1
DA:204,1
DA:206,1
DA:211,1
DA:213,1
DA:215,0
DA:219,4
LF:88
LH:62
BRDA:15,0,0,1
BRDA:15,0,1,3
BRDA:15,1,0,4
BRDA:15,1,1,3
BRDA:15,1,2,3
BRDA:15,1,3,3
BRDA:20,2,0,1
BRDA:20,2,1,2
BRDA:24,3,0,0
BRDA:24,3,1,2
BRDA:29,4,0,0
BRDA:29,4,1,2
BRDA:35,5,0,2
BRDA:35,5,1,2
BRDA:40,6,0,1
BRDA:40,6,1,0
BRDA:52,7,0,1
BRDA:52,7,1,3
BRDA:52,8,0,4
BRDA:52,8,1,3
BRDA:61,9,0,1
BRDA:61,9,1,2
BRDA:68,10,0,1
BRDA:68,10,1,1
BRDA:102,11,0,0
BRDA:102,11,1,0
BRDA:129,12,0,0
BRDA:129,12,1,0
BRDA:129,13,0,0
BRDA:129,13,1,0
BRDA:136,14,0,0
BRDA:136,14,1,0
BRDA:150,15,0,1
BRDA:150,15,1,2
BRDA:159,16,0,1
BRDA:159,16,1,1
BRDA:183,17,0,1
BRDA:183,17,1,4
BRDA:183,18,0,5
BRDA:183,18,1,4
BRDA:187,19,0,1
BRDA:187,19,1,3
BRDA:196,20,0,1
BRDA:196,20,1,2
BRDA:200,21,0,1
BRDA:200,21,1,1
BRF:46
BRH:35
end_of_record
TN:
SF:src/db/pool.js
FN:12,(anonymous_0)
FNF:1
FNH:0
FNDA:0,(anonymous_0)
DA:1,4
DA:2,4
DA:4,4
DA:12,4
DA:13,0
DA:16,4
LF:6
LH:5
BRF:0
BRH:0
end_of_record
TN:
SF:src/db/migrations/migrationRunner.js
FN:6,runMigrations
FN:22,(anonymous_1)
FNF:2
FNH:0
FNDA:0,runMigrations
FNDA:0,(anonymous_1)
DA:1,4
DA:2,4
DA:3,4
DA:4,4
DA:7,0
DA:9,0
DA:11,0
DA:20,0
DA:21,0
DA:22,0
DA:25,0
DA:27,0
DA:32,0
DA:33,0
DA:34,0
DA:38,0
DA:39,0
DA:42,0
DA:47,0
DA:50,0
DA:52,0
DA:53,0
DA:55,0
DA:59,4
LF:24
LH:5
BRDA:32,0,0,0
BRDA:32,0,1,0
BRF:2
BRH:0
end_of_record
TN:
SF:src/lib/logger.js
FNF:0
FNH:0
DA:1,7
DA:2,7
LF:2
LH:2
BRF:0
BRH:0
end_of_record
TN:
SF:src/lib/ranks.js
FN:10,getRankFromMasteredCount
FNF:1
FNH:0
FNDA:0,getRankFromMasteredCount
DA:1,4
DA:11,0
DA:12,0
DA:13,0
DA:14,0
DA:17,0
DA:20,4
LF:7
LH:2
BRDA:13,0,0,0
BRDA:13,0,1,0
BRF:2
BRH:0
end_of_record
TN:
SF:src/middleware/auth.js
FN:3,authenticate
FN:20,authorizeAdmin
FNF:2
FNH:2
FNDA:3,authenticate
FNDA:3,authorizeAdmin
DA:1,5
DA:4,3
DA:5,3
DA:7,3
DA:8,1
DA:11,2
DA:12,2
DA:13,1
DA:14,1
DA:16,1
DA:21,3
DA:22,2
DA:24,1
DA:27,5
LF:14
LH:14
BRDA:5,0,0,3
BRDA:5,0,1,2
BRDA:7,1,0,1
BRDA:7,1,1,2
BRDA:21,2,0,2
BRDA:21,2,1,1
BRF:6
BRH:6
end_of_record
TN:
SF:src/middleware/cors.js
FN:13,cors
FNF:1
FNH:1
FNDA:17,cors
DA:5,4
DA:14,17
DA:16,17
DA:17,0
DA:18,17
DA:19,17
DA:21,0
DA:24,17
DA:25,17
DA:27,17
DA:28,0
DA:31,17
DA:34,4
LF:13
LH:10
BRDA:16,0,0,0
BRDA:16,0,1,17
BRDA:16,1,0,17
BRDA:16,1,1,0
BRDA:18,2,0,17
BRDA:18,2,1,0
BRDA:27,3,0,0
BRDA:27,3,1,17
BRF:8
BRH:4
end_of_record
TN:
SF:src/middleware/errorHandler.js
FN:7,errorHandler
FNF:1
FNH:0
FNDA:0,errorHandler
DA:1,4
DA:8,0
DA:10,0
DA:11,0
DA:12,0
DA:14,0
DA:17,4
LF:7
LH:2
BRDA:10,0,0,0
BRDA:10,0,1,0
BRDA:12,1,0,0
BRDA:12,1,1,0
BRDA:12,2,0,0
BRDA:12,2,1,0
BRF:6
BRH:0
end_of_record
TN:
SF:src/middleware/rateLimiter.js
FNF:0
FNH:0
DA:1,1
DA:3,1
DA:9,1
LF:3
LH:3
BRF:0
BRH:0
end_of_record
TN:
SF:src/routes/analytics.js
FNF:0
FNH:0
DA:1,4
DA:2,4
DA:3,4
DA:5,4
DA:8,4
DA:9,4
DA:10,4
DA:11,4
DA:12,4
DA:13,4
DA:14,4
DA:15,4
DA:17,4
LF:13
LH:13
BRF:0
BRH:0
end_of_record
TN:
SF:src/routes/progress.js
FNF:0
FNH:0
DA:1,4
DA:2,4
DA:3,4
DA:4,4
DA:6,4
DA:8,4
LF:6
LH:6
BRF:0
BRH:0
end_of_record
TN:
SF:src/routes/sessions.js
FNF:0
FNH:0
DA:1,4
DA:2,4
DA:3,4
DA:4,4
DA:6,4
DA:7,4
DA:9,4
LF:7
LH:7
BRF:0
BRH:0
end_of_record
TN:
SF:src/routes/users.js
FNF:0
FNH:0
DA:1,4
DA:2,4
DA:3,4
DA:4,4
DA:5,4
DA:7,4
DA:8,4
DA:9,4
DA:10,4
DA:11,4
DA:12,4
DA:13,4
DA:15,4
LF:13
LH:13
BRF:0
BRH:0
end_of_record
TN:
SF:src/services/emailService.js
FN:6,getResend
FN:13,sendPasswordResetEmail
FNF:2
FNH:0
FNDA:0,getResend
FNDA:0,sendPasswordResetEmail
DA:1,3
DA:2,3
DA:4,3
DA:7,0
DA:8,0
DA:10,0
DA:14,0
DA:15,0
DA:17,0
DA:18,0
DA:48,0
DA:50,0
DA:51,0
DA:55,3
LF:14
LH:4
BRDA:7,0,0,0
BRDA:7,0,1,0
BRDA:14,1,0,0
BRDA:14,1,1,0
BRF:4
BRH:0
end_of_record
